<?xml version="1.0" encoding="UTF-8"?>
<coverage generated="1609395954338" clover="3.2.0">
  <project timestamp="1609395954339" name="All files">
    <metrics statements="7" coveredstatements="7" conditionals="4" coveredconditionals="4" methods="1" coveredmethods="1" elements="12" coveredelements="12" complexity="0" loc="7" ncloc="7" packages="1" files="1" classes="1"/>
    <file name="health.js" path="D:\Работа Никита\Work IT\HW-NETOLOGY\AJS\ajs-homeworks\test-ci\ajs-test-ci\src\health\health.js">
      <metrics statements="7" coveredstatements="7" conditionals="4" coveredconditionals="4" methods="1" coveredmethods="1"/>
      <line num="2" count="9" type="stmt"/>
      <line num="4" count="9" type="cond" truecount="2" falsecount="0"/>
      <line num="5" count="2" type="stmt"/>
      <line num="6" count="7" type="cond" truecount="2" falsecount="0"/>
      <line num="7" count="5" type="stmt"/>
      <line num="9" count="2" type="stmt"/>
      <line num="12" count="9" type="stmt"/>
    </file>
  </project>
</coverage>
